# JRE version: OpenJDK Runtime Environment (11.0.11+9) (build 11.0.11+9-b60-7590822)
# Java VM: OpenJDK 64-Bit Server VM (11.0.11+9-b60-7590822, mixed mode, tiered, compressed oops, g1 gc, windows-amd64)
Heap:
 garbage-first heap   total 98304K, used 46161K [0x0000000080000000, 0x0000000100000000)
  region size 1024K, 30 young (30720K), 4 survivors (4096K)
 Metaspace       used 34507K, capacity 35299K, committed 35504K, reserved 1079296K
  class space    used 4484K, capacity 4807K, committed 4864K, reserved 1048576K
GC Heap History (14 events):
Event: 29.782 GC heap before
{Heap before GC invocations=0 (full 0):
 garbage-first heap   total 98304K, used 19456K [0x0000000080000000, 0x0000000100000000)
  region size 1024K, 14 young (14336K), 0 survivors (0K)
 Metaspace       used 6792K, capacity 6985K, committed 7168K, reserved 1056768K
  class space    used 584K, capacity 650K, committed 768K, reserved 1048576K
}
Event: 29.789 GC heap after
{Heap after GC invocations=1 (full 0):
 garbage-first heap   total 98304K, used 7729K [0x0000000080000000, 0x0000000100000000)
  region size 1024K, 2 young (2048K), 2 survivors (2048K)
 Metaspace       used 6792K, capacity 6985K, committed 7168K, reserved 1056768K
  class space    used 584K, capacity 650K, committed 768K, reserved 1048576K
}
Event: 30.591 GC heap before
{Heap before GC invocations=1 (full 0):
 garbage-first heap   total 98304K, used 18993K [0x0000000080000000, 0x0000000100000000)
  region size 1024K, 13 young (13312K), 2 survivors (2048K)
 Metaspace       used 9931K, capacity 10178K, committed 10368K, reserved 1058816K
  class space    used 1029K, capacity 1102K, committed 1152K, reserved 1048576K
}
Event: 30.597 GC heap after
{Heap after GC invocations=2 (full 0):
 garbage-first heap   total 98304K, used 9367K [0x0000000080000000, 0x0000000100000000)
  region size 1024K, 2 young (2048K), 2 survivors (2048K)
 Metaspace       used 9931K, capacity 10178K, committed 10368K, reserved 1058816K
  class space    used 1029K, capacity 1102K, committed 1152K, reserved 1048576K
}
Event: 35.102 GC heap before
{Heap before GC invocations=2 (full 0):
 garbage-first heap   total 98304K, used 38039K [0x0000000080000000, 0x0000000100000000)
  region size 1024K, 29 young (29696K), 2 survivors (2048K)
 Metaspace       used 10897K, capacity 11069K, committed 11264K, reserved 1058816K
  class space    used 1131K, capacity 1207K, committed 1280K, reserved 1048576K
}
Event: 35.107 GC heap after
{Heap after GC invocations=3 (full 0):
 garbage-first heap   total 98304K, used 11551K [0x0000000080000000, 0x0000000100000000)
  region size 1024K, 3 young (3072K), 3 survivors (3072K)
 Metaspace       used 10897K, capacity 11069K, committed 11264K, reserved 1058816K
  class space    used 1131K, capacity 1207K, committed 1280K, reserved 1048576K
}
Event: 44.460 GC heap before
{Heap before GC invocations=3 (full 0):
 garbage-first heap   total 98304K, used 50463K [0x0000000080000000, 0x0000000100000000)
  region size 1024K, 42 young (43008K), 3 survivors (3072K)
 Metaspace       used 17310K, capacity 17730K, committed 17792K, reserved 1064960K
  class space    used 2014K, capacity 2153K, committed 2176K, reserved 1048576K
}
Event: 44.475 GC heap after
{Heap after GC invocations=4 (full 0):
 garbage-first heap   total 98304K, used 16005K [0x0000000080000000, 0x0000000100000000)
  region size 1024K, 6 young (6144K), 6 survivors (6144K)
 Metaspace       used 17310K, capacity 17730K, committed 17792K, reserved 1064960K
  class space    used 2014K, capacity 2153K, committed 2176K, reserved 1048576K
}
Event: 45.078 GC heap before
{Heap before GC invocations=4 (full 0):
 garbage-first heap   total 98304K, used 45701K [0x0000000080000000, 0x0000000100000000)
  region size 1024K, 36 young (36864K), 6 survivors (6144K)
 Metaspace       used 20686K, capacity 21098K, committed 21296K, reserved 1069056K
  class space    used 2531K, capacity 2658K, committed 2688K, reserved 1048576K
}
Event: 45.089 GC heap after
{Heap after GC invocations=5 (full 0):
 garbage-first heap   total 98304K, used 17802K [0x0000000080000000, 0x0000000100000000)
  region size 1024K, 2 young (2048K), 2 survivors (2048K)
 Metaspace       used 20686K, capacity 21098K, committed 21296K, reserved 1069056K
  class space    used 2531K, capacity 2658K, committed 2688K, reserved 1048576K
}
Event: 46.015 GC heap before
{Heap before GC invocations=6 (full 0):
 garbage-first heap   total 98304K, used 57738K [0x0000000080000000, 0x0000000100000000)
  region size 1024K, 41 young (41984K), 2 survivors (2048K)
 Metaspace       used 24694K, capacity 25282K, committed 25392K, reserved 1071104K
  class space    used 3179K, capacity 3398K, committed 3456K, reserved 1048576K
}
Event: 46.021 GC heap after
{Heap after GC invocations=7 (full 0):
 garbage-first heap   total 98304K, used 19348K [0x0000000080000000, 0x0000000100000000)
  region size 1024K, 3 young (3072K), 3 survivors (3072K)
 Metaspace       used 24694K, capacity 25282K, committed 25392K, reserved 1071104K
  class space    used 3179K, capacity 3398K, committed 3456K, reserved 1048576K
}
Event: 46.970 GC heap before
{Heap before GC invocations=7 (full 0):
 garbage-first heap   total 98304K, used 61332K [0x0000000080000000, 0x0000000100000000)
  region size 1024K, 44 young (45056K), 3 survivors (3072K)
 Metaspace       used 28748K, capacity 29360K, committed 29616K, reserved 1075200K
  class space    used 3831K, capacity 4060K, committed 4096K, reserved 1048576K
}
Event: 46.976 GC heap after
{Heap after GC invocations=8 (full 0):
 garbage-first heap   total 98304K, used 20561K [0x0000000080000000, 0x0000000100000000)
  region size 1024K, 4 young (4096K), 4 survivors (4096K)
 Metaspace       used 28748K, capacity 29360K, committed 29616K, reserved 1075200K
  class space    used 3831K, capacity 4060K, committed 4096K, reserved 1048576K
}

